<?xml version="1.0" encoding="UTF-8"?>
<!-- Generated by org.testng.reporters.JUnitXMLReporter -->
<testsuite ignored="0" hostname="DESKTOP-BS115LP" failures="1" tests="9" name="Surefire test" time="145.844" errors="0" timestamp="2022-05-09T17:19:10 EDT">
  <testcase classname="com.Test.HomePageTest" name="ClickCartFieldTest" time="1.84"/>
  <testcase classname="com.Test.HomePageTest" name="ConditionOfUseLinkTest" time="4.018"/>
  <testcase classname="com.Test.HomePageTest" name="PageTitleTest" time="0.025"/>
  <testcase classname="com.Test.HomePageTest" name="customerServiceLinkTest" time="1.921"/>
  <testcase classname="com.Test.HomePageTest" name="searchBoxFunctionTest" time="0.129">
    <failure type="org.openqa.selenium.NoSuchElementException" message="Unable to locate element: #twotabsearchtextbox
For documentation on this error, please visit: https://www.seleniumhq.org/exceptions/no_such_element.html
Build info: version: &amp;apos;3.141.59&amp;apos;, revision: &amp;apos;e82be7d358&amp;apos;, time: &amp;apos;2018-11-14T08:17:03&amp;apos;
System info: host: &amp;apos;DESKTOP-BS115LP&amp;apos;, ip: &amp;apos;192.168.234.1&amp;apos;, os.name: &amp;apos;Windows 10&amp;apos;, os.arch: &amp;apos;amd64&amp;apos;, os.version: &amp;apos;10.0&amp;apos;, java.version: &amp;apos;17.0.1&amp;apos;
Driver info: org.openqa.selenium.firefox.FirefoxDriver
Capabilities {acceptInsecureCerts: true, browserName: firefox, browserVersion: 100.0, javascriptEnabled: true, moz:accessibilityChecks: false, moz:buildID: 20220428192727, moz:geckodriverVersion: 0.30.0, moz:headless: false, moz:processID: 31072, moz:profile: C:\Users\rafri\AppData\Loca..., moz:shutdownTimeout: 60000, moz:useNonSpecCompliantPointerOrigin: false, moz:webdriverClick: true, pageLoadStrategy: normal, platform: WINDOWS, platformName: WINDOWS, platformVersion: 10.0, proxy: Proxy(), setWindowRect: true, strictFileInteractability: false, timeouts: {implicit: 0, pageLoad: 300000, script: 30000}, unhandledPromptBehavior: dismiss and notify}
Session ID: 5210a757-4dd7-439d-be5d-e4b188d0fc2f
*** Element info: {Using=id, value=twotabsearchtextbox}">
      <![CDATA[org.openqa.selenium.NoSuchElementException: Unable to locate element: #twotabsearchtextbox
For documentation on this error, please visit: https://www.seleniumhq.org/exceptions/no_such_element.html
Build info: version: '3.141.59', revision: 'e82be7d358', time: '2018-11-14T08:17:03'
System info: host: 'DESKTOP-BS115LP', ip: '192.168.234.1', os.name: 'Windows 10', os.arch: 'amd64', os.version: '10.0', java.version: '17.0.1'
Driver info: org.openqa.selenium.firefox.FirefoxDriver
Capabilities {acceptInsecureCerts: true, browserName: firefox, browserVersion: 100.0, javascriptEnabled: true, moz:accessibilityChecks: false, moz:buildID: 20220428192727, moz:geckodriverVersion: 0.30.0, moz:headless: false, moz:processID: 31072, moz:profile: C:\Users\rafri\AppData\Loca..., moz:shutdownTimeout: 60000, moz:useNonSpecCompliantPointerOrigin: false, moz:webdriverClick: true, pageLoadStrategy: normal, platform: WINDOWS, platformName: WINDOWS, platformVersion: 10.0, proxy: Proxy(), setWindowRect: true, strictFileInteractability: false, timeouts: {implicit: 0, pageLoad: 300000, script: 30000}, unhandledPromptBehavior: dismiss and notify}
Session ID: 5210a757-4dd7-439d-be5d-e4b188d0fc2f
*** Element info: {Using=id, value=twotabsearchtextbox}
at org.openqa.selenium.remote.http.W3CHttpResponseCodec.createException(W3CHttpResponseCodec.java:187)
at org.openqa.selenium.remote.http.W3CHttpResponseCodec.decode(W3CHttpResponseCodec.java:122)
at org.openqa.selenium.remote.http.W3CHttpResponseCodec.decode(W3CHttpResponseCodec.java:49)
at org.openqa.selenium.remote.HttpCommandExecutor.execute(HttpCommandExecutor.java:158)
at org.openqa.selenium.remote.service.DriverCommandExecutor.execute(DriverCommandExecutor.java:83)
at org.openqa.selenium.remote.RemoteWebDriver.execute(RemoteWebDriver.java:552)
at org.openqa.selenium.remote.RemoteWebDriver.findElement(RemoteWebDriver.java:323)
at org.openqa.selenium.remote.RemoteWebDriver.findElementById(RemoteWebDriver.java:372)
at org.openqa.selenium.By$ById.findElement(By.java:188)
at org.openqa.selenium.remote.RemoteWebDriver.findElement(RemoteWebDriver.java:315)
at org.openqa.selenium.support.pagefactory.DefaultElementLocator.findElement(DefaultElementLocator.java:69)
at org.openqa.selenium.support.pagefactory.internal.LocatingElementHandler.invoke(LocatingElementHandler.java:38)
at jdk.proxy2/jdk.proxy2.$Proxy9.sendKeys(Unknown Source)
at com.Page.HomePage.searchBoxFunction(HomePage.java:45)
at com.Test.HomePageTest.searchBoxFunctionTest(HomePageTest.java:35)
at java.base/java.util.ArrayList.forEach(ArrayList.java:1511)
... Removed 37 stack frames]]>
    </failure>
  </testcase> <!-- searchBoxFunctionTest -->
  <testcase classname="com.Test.SignInPageTest" name="SignInFieldTest" time="1.942"/>
  <testcase classname="com.Test.SignInPageTest" name="UserIDPhoneTest" time="3.97"/>
  <testcase classname="com.Test.SignInPageTest" name="PasswordFieldTest" time="7.957"/>
  <testcase classname="com.Test.SignInPageTest" name="SignOutTest" time="6.964"/>
</testsuite> <!-- Surefire test -->
